  RuList.cpp
  CMO.vcxproj -> C:\Users\Байкал\Desktop\Лазарян\Creative-project\получение данных о новом посетителе\x64\Debug\CMO.exe

Итоги по проекту:
     3328 мс вызовов   1 C:\Users\Байкал\Desktop\Лазарян\Creative-project\получение данных о новом посетителе\CMO\CMO.vcxproj
               3328 мс вызовов   1 Build                                   

Итоги по целям:
        0 мс вызовов   1 SelectResourceCompile                   
        0 мс вызовов   1 PrepareResourceNames                    
        0 мс вызовов   1 CreateCustomManifestResourceNames       
        0 мс вызовов   1 ComputeCLGeneratedLinkInputs            
        0 мс вызовов   1 ComputeCustomBuildOutput                
        0 мс вызовов   1 ComputeRCGeneratedLinkInputs            
        0 мс вызовов   1 ComputeRCOutputs                        
        0 мс вызовов   1 BeforeLink                              
        0 мс вызовов   1 ComputeLegacyManifestEmbedding          
        0 мс вызовов   1 BuildCompile                            
        0 мс вызовов   1 _BuildCompileAction                     
        0 мс вызовов   1 AfterBuildCompileEvent                  
        0 мс вызовов   1 _ResourceCompile                        
        0 мс вызовов   1 AfterResourceCompile                    
        0 мс вызовов   1 BeforeResourceCompile                   
        0 мс вызовов   1 _ClCompile                              
        0 мс вызовов   1 AfterClCompile                          
        0 мс вызовов   1 SelectClCompile                         
        0 мс вызовов   1 PreLinkEvent                            
        0 мс вызовов   1 ComputeMetaGenInputs                    
        0 мс вызовов   1 ComputeLinkImportLibraryOutputsForClean 
        0 мс вызовов   1 AfterLink                               
        0 мс вызовов   1 AfterBuild                              
        0 мс вызовов   1 BuildLink                               
        0 мс вызовов   1 _BuildLinkAction                        
        0 мс вызовов   1 PostBuildEvent                          
        0 мс вызовов   1 PrepareForRun                           
        0 мс вызовов   1 _CopySourceItemsToOutputDirectory       
        0 мс вызовов   1 _Deploy                                 
        0 мс вызовов   1 _Appverifier                            
        0 мс вызовов   1 SelectCustomBuild                       
        0 мс вызовов   1 CreateSatelliteAssemblies               
        0 мс вызовов   1 ComputeCLCompileGeneratedSbrFiles       
        0 мс вызовов   1 _XdcMake                                
        0 мс вызовов   1 MakeDirsForXdcMake                      
        0 мс вызовов   1 ResolvedXDCMake                         
        0 мс вызовов   1 RegisterOutput                          
        0 мс вызовов   1 _Manifest                               
        0 мс вызовов   1 _ALink                                  
        0 мс вызовов   1 _Link                                   
        0 мс вызовов   1 _BscMake                                
        0 мс вызовов   1 _SelectedFiles                          
        0 мс вызовов   1 Build                                   
        0 мс вызовов   1 ComputeMIDLGeneratedCompileInputs       
        0 мс вызовов   1 AfterMidl                               
        0 мс вызовов   1 BeforeBuildGenerateSources              
        0 мс вызовов   1 AfterBuildGenerateSources               
        0 мс вызовов   1 BeforeResolveReferences                 
        0 мс вызовов   1 BuildGenerateSourcesTraverse            
        0 мс вызовов   1 PrepareProjectReferences                
        0 мс вызовов   1 AfterBuildGenerateSourcesEvent          
        0 мс вызовов   1 _BuildGenerateSourcesAction             
        0 мс вызовов   1 PreBuildEvent                           
        0 мс вызовов   1 BuildGenerateSources                    
        0 мс вызовов   1 ResolveSDKReferences                    
        0 мс вызовов   1 GetResolvedWinMD                        
        0 мс вызовов   1 BuildCompileTraverse                    
        0 мс вызовов   1 BeforeClCompile                         
        0 мс вызовов   1 AfterResolveReferences                  
        0 мс вызовов   1 _SplitProjectReferencesByFileExistence  
        0 мс вызовов   1 ResolveReferences                       
        0 мс вызовов   1 _Xsd                                    
        0 мс вызовов   1 ComputeCLInputPDBName                   
        0 мс вызовов   1 ImplicitlyExpandDesignTimeFacades       
        0 мс вызовов   1 _CheckForCompileOutputs                 
        0 мс вызовов   1 ResolveProjectReferences                
        0 мс вызовов   1 GetCopyToOutputDirectoryXamlAppDefs     
        1 мс вызовов   1 ExpandSDKReferences                     
        1 мс вызовов   1 PlatformPrepareForBuild                 
        1 мс вызовов   1 MakeDirsForMidl                         
        1 мс вызовов   1 FixupCLCompileOptions                   
        1 мс вызовов   1 GetFrameworkPaths                       
        1 мс вызовов   1 Desktop_PlatformPrepareForBuild         
        1 мс вызовов   1 _PrepareForBuild                        
        1 мс вызовов   1 CopyFilesToOutputDirectory              
        1 мс вызовов   1 GetCopyToOutputDirectoryItems           
        1 мс вызовов   1 _Midl                                   
        1 мс вызовов   1 _GenerateSatelliteAssemblyInputs        
        1 мс вызовов   1 ComputeLinkSwitches                     
        1 мс вызовов   1 ComputeCLCompileGeneratedXDCFiles       
        1 мс вызовов   1 MakeDirsForResourceCompile              
        1 мс вызовов   1 GenerateTargetFrameworkMonikerAttribute 
        1 мс вызовов   1 ComputeCLOutputs                        
        1 мс вызовов   1 ComputeManifestGeneratedLinkerInputs    
        1 мс вызовов   1 _PrepareForReferenceResolution          
        1 мс вызовов   1 MetaGenInputsOutputs                    
        1 мс вызовов   1 MakeDirsForCl                           
        1 мс вызовов   1 ComputeLinkInputsFromProject            
        1 мс вызовов   1 SetTelemetryEnvironmentVariables        
        1 мс вызовов   1 ComputeManifestInputsTargets            
        1 мс вызовов   1 DoLinkOutputFilesMatch                  
        1 мс вызовов   1 BuildLinkTraverse                       
        1 мс вызовов   1 MakeDirsForBscMake                      
        2 мс вызовов   1 _GetProjectReferenceTargetFrameworkProperties
        2 мс вызовов   1 ComputeReferenceCLInput                 
        2 мс вызовов   1 AssignTargetPaths                       
        2 мс вызовов   1 SetBuildDefaultEnvironmentVariables     
        2 мс вызовов   1 _HandlePackageFileConflicts             
        3 мс вызовов   1 FinalizeBuildStatus                     
        3 мс вызовов   1 MakeDirsForLink                         
        5 мс вызовов   1 SplitResourcesByCulture                 
        5 мс вызовов   1 _CheckForInvalidConfigurationAndPlatform
        6 мс вызовов   1 InitializeBuildStatus                   
        6 мс вызовов   1 ImplicitlyExpandNETStandardFacades      
        6 мс вызовов   1 GetReferenceAssemblyPaths               
        7 мс вызовов   1 WarnCompileDuplicatedFilename           
        9 мс вызовов   1 ResourceCompile                         
       12 мс вызовов   1 AssignProjectConfiguration              
       14 мс вызовов   1 ManagedIncrementalBuildPostProcessDependencyGraph
       17 мс вызовов   1 ResolveAssemblyReferences               
       22 мс вызовов   1 PrepareForBuild                         
       25 мс вызовов   1 SetCABuildNativeEnvironmentVariables    
       26 мс вызовов   1 ManagedIncrementalBuildPreProcessDependencyGraph
      141 мс вызовов   1 MetaGen                                 
     1405 мс вызовов   1 Link                                    
     1567 мс вызовов   1 ClCompile                               
